<?xml version="1.0" encoding="UTF-8"?>
<!-- Generated by org.testng.reporters.JUnitXMLReporter -->
<testsuite ignored="0" hostname="DESKTOP-ME60TCF" failures="0" tests="4" name="Test" time="0.211" errors="0" timestamp="2022-07-12T19:39:18 CEST">
  <testcase classname="QAExpert.Mavenjava.RestApiTest" name="DeleteTwitter" time="0.009"/>
  <testcase classname="QAExpert.Mavenjava.RestApiTest" name="PostJira" time="0.0"/>
  <testcase classname="QAExpert.Mavenjava.SeleniumTest" name="BrowserAutomation" time="0.0"/>
  <testcase classname="QAExpert.Mavenjava.SeleniumTest" name="elementsUI" time="0.001"/>
</testsuite> <!-- Test -->
